
DATASETS:
KCASANTA166.nom.arff
KCASANTA154.nom.arff
KCASANTA132.nom.arff


MODEL: w_03.xml
	_____________________________
	DATA: KCASANTA166.nom.arff
	java -Xmx13000m weka.classifiers.bayes.BayesNet -o -t data/KCASANTA166.nom.arff -Q weka.classifiers.bayes.net.search.fixed.FromFile -- -B models/w_03.xml -E weka.classifiers.bayes.net.estimate.SimpleEstimator -- -A 1.0

Time taken to build model: 17.51 seconds
Time taken to test model on training data: 0.01 seconds

=== Error on training data ===

Correctly Classified Instances         156               78.7879 %
Incorrectly Classified Instances        42               21.2121 %
Kappa statistic                          0.7462
Mean absolute error                      0.1528
Root mean squared error                  0.2575
Relative absolute error                 91.1376 %
Root relative squared error             89.101  %
Total Number of Instances              198     


=== Confusion Matrix ===

  a  b  c  d  e  f  g  h  i  j   <-- classified as
 15  0  0  0  1  0  0  0  0  0 |  a = '(-inf-3.1]'
  4 13  2  0  1  0  0  0  0  0 |  b = '(3.1-4.2]'
  2  1 26  0  0  0  0  0  0  0 |  c = '(4.2-5.3]'
  1  0  6 37  0  1  0  0  0  0 |  d = '(5.3-6.4]'
  0  0  2 11 33  1  0  0  0  0 |  e = '(6.4-7.5]'
  0  0  0  1  4 20  0  0  0  0 |  f = '(7.5-8.6]'
  0  0  0  1  0  2  4  1  0  0 |  g = '(8.6-9.7]'
  0  0  0  0  0  0  0  6  0  0 |  h = '(9.7-10.8]'
  0  0  0  0  0  0  0  0  0  0 |  i = '(10.8-11.9]'
  0  0  0  0  0  0  0  0  0  2 |  j = '(11.9-inf)'



=== Stratified cross-validation ===

Correctly Classified Instances          84               42.4242 %
Incorrectly Classified Instances       114               57.5758 %
Kappa statistic                          0.3223
Mean absolute error                      0.1663
Root mean squared error                  0.2803
Relative absolute error                 99.1228 %
Root relative squared error             96.9399 %
Total Number of Instances              198     


=== Confusion Matrix ===

  a  b  c  d  e  f  g  h  i  j   <-- classified as
 10  4  0  1  1  0  0  0  0  0 |  a = '(-inf-3.1]'
  9  7  3  0  1  0  0  0  0  0 |  b = '(3.1-4.2]'
  9  5 11  3  1  0  0  0  0  0 |  c = '(4.2-5.3]'
  7  0  6 23  7  2  0  0  0  0 |  d = '(5.3-6.4]'
  8  0  2 11 21  5  0  0  0  0 |  e = '(6.4-7.5]'
  9  0  0  3  4  8  1  0  0  0 |  f = '(7.5-8.6]'
  3  0  0  1  0  1  2  1  0  0 |  g = '(8.6-9.7]'
  2  0  0  0  0  0  2  2  0  0 |  h = '(9.7-10.8]'
  0  0  0  0  0  0  0  0  0  0 |  i = '(10.8-11.9]'
  2  0  0  0  0  0  0  0  0  0 |  j = '(11.9-inf)'

	_____________________________
	DATA: KCASANTA154.nom.arff
	java -Xmx13000m weka.classifiers.bayes.BayesNet -o -t data/KCASANTA154.nom.arff -Q weka.classifiers.bayes.net.search.fixed.FromFile -- -B models/w_03.xml -E weka.classifiers.bayes.net.estimate.SimpleEstimator -- -A 1.0

Time taken to build model: 17.46 seconds
Time taken to test model on training data: 0.02 seconds

=== Error on training data ===

Correctly Classified Instances         416               81.7289 %
Incorrectly Classified Instances        93               18.2711 %
Kappa statistic                          0.7739
Mean absolute error                      0.1377
Root mean squared error                  0.24  
Relative absolute error                 84.7723 %
Root relative squared error             84.289  %
Total Number of Instances              509     


=== Confusion Matrix ===

   a   b   c   d   e   f   g   h   i   j   <-- classified as
 127   5   5   2   0   0   0   0   0   0 |   a = '(-inf-1.2]'
   8  46   5   3   1   0   0   0   0   0 |   b = '(1.2-2.4]'
   3   4  82   4   5   0   0   0   0   0 |   c = '(2.4-3.6]'
   1   2  10  71   4   0   0   0   0   0 |   d = '(3.6-4.8]'
   1   1   6  11  69   1   1   0   0   0 |   e = '(4.8-6]'
   0   0   0   2   3  11   0   0   0   0 |   f = '(6-7.2]'
   0   0   0   0   2   1   4   0   0   0 |   g = '(7.2-8.4]'
   0   0   0   0   0   0   0   4   0   0 |   h = '(8.4-9.6]'
   0   0   0   0   0   0   1   0   0   0 |   i = '(9.6-10.8]'
   0   0   0   0   0   0   0   1   0   2 |   j = '(10.8-inf)'



=== Stratified cross-validation ===

Correctly Classified Instances         263               51.6699 %
Incorrectly Classified Instances       246               48.3301 %
Kappa statistic                          0.3847
Mean absolute error                      0.1503
Root mean squared error                  0.2613
Relative absolute error                 92.4529 %
Root relative squared error             91.7508 %
Total Number of Instances              509     


=== Confusion Matrix ===

   a   b   c   d   e   f   g   h   i   j   <-- classified as
 126   6   5   2   0   0   0   0   0   0 |   a = '(-inf-1.2]'
  20  30   6   5   2   0   0   0   0   0 |   b = '(1.2-2.4]'
  38  10  33   8   9   0   0   0   0   0 |   c = '(2.4-3.6]'
  19   8  11  41   8   1   0   0   0   0 |   d = '(3.6-4.8]'
  29   3  10  16  29   2   1   0   0   0 |   e = '(4.8-6]'
   7   0   0   2   3   3   1   0   0   0 |   f = '(6-7.2]'
   2   0   0   0   2   1   1   0   1   0 |   g = '(7.2-8.4]'
   3   0   0   0   0   0   0   0   0   1 |   h = '(8.4-9.6]'
   0   0   0   0   0   0   1   0   0   0 |   i = '(9.6-10.8]'
   2   0   0   0   0   0   0   1   0   0 |   j = '(10.8-inf)'

	_____________________________
	DATA: KCASANTA132.nom.arff
	java -Xmx13000m weka.classifiers.bayes.BayesNet -o -t data/KCASANTA132.nom.arff -Q weka.classifiers.bayes.net.search.fixed.FromFile -- -B models/w_03.xml -E weka.classifiers.bayes.net.estimate.SimpleEstimator -- -A 1.0
