

Linear Regression Model

WIND_SPEED_MPH =

      0.8282 * PREV_WIND_SPEED_MPH +
      0.2206

Time taken to build model: 1.09 seconds
Time taken to test model on training data: 2.33 seconds

=== Error on training data ===

Correlation coefficient                  0.8282
Mean absolute error                      0.6043
Root mean squared error                  0.8653
Relative absolute error                 48.5752 %
Root relative squared error             56.0396 %
Total Number of Instances           107806     



=== Cross-validation ===

Correlation coefficient                  0.8282
Mean absolute error                      0.6043
Root mean squared error                  0.8654
Relative absolute error                 48.5761 %
Root relative squared error             56.041  %
Total Number of Instances           107806     

