
CART Decision Tree

PREV_WIND_SPEED_MPH=('(-inf-1.59]'): '(-inf-1.59]'(53313.0/7233.0)
PREV_WIND_SPEED_MPH!=('(-inf-1.59]')
|  PREV_WIND_SPEED_MPH=('(1.59-3.18]')|('(-inf-1.59]'): '(1.59-3.18]'(26103.0/11056.0)
|  PREV_WIND_SPEED_MPH!=('(1.59-3.18]')|('(-inf-1.59]')
|  |  PREV_WIND_SPEED_MPH=('(3.18-4.77]')|('(-inf-1.59]')|('(1.59-3.18]'): '(1.59-3.18]'(3498.0/3676.0)
|  |  PREV_WIND_SPEED_MPH!=('(3.18-4.77]')|('(-inf-1.59]')|('(1.59-3.18]')
|  |  |  PREV_WIND_SPEED_MPH=('(4.77-6.36]')|('(-inf-1.59]')|('(1.59-3.18]')|('(3.18-4.77]'): '(3.18-4.77]'(744.0/1222.0)
|  |  |  PREV_WIND_SPEED_MPH!=('(4.77-6.36]')|('(-inf-1.59]')|('(1.59-3.18]')|('(3.18-4.77]')
|  |  |  |  PREV_WIND_SPEED_MPH=('(6.36-7.95]')|('(-inf-1.59]')|('(1.59-3.18]')|('(3.18-4.77]')|('(4.77-6.36]'): '(4.77-6.36]'(203.0/413.0)
|  |  |  |  PREV_WIND_SPEED_MPH!=('(6.36-7.95]')|('(-inf-1.59]')|('(1.59-3.18]')|('(3.18-4.77]')|('(4.77-6.36]')
|  |  |  |  |  PREV_WIND_SPEED_MPH=('(7.95-9.54]')|('(-inf-1.59]')|('(1.59-3.18]')|('(3.18-4.77]')|('(4.77-6.36]')|('(6.36-7.95]'): '(6.36-7.95]'(86.0/156.0)
|  |  |  |  |  PREV_WIND_SPEED_MPH!=('(7.95-9.54]')|('(-inf-1.59]')|('(1.59-3.18]')|('(3.18-4.77]')|('(4.77-6.36]')|('(6.36-7.95]'): '(7.95-9.54]'(29.0/74.0)

Number of Leaf Nodes: 7

Size of the Tree: 13

Time taken to build model: 12.23 seconds
Time taken to test model on training data: 0.3 seconds

=== Error on training data ===

Correctly Classified Instances       83976               77.8955 %
Incorrectly Classified Instances     23830               22.1045 %
Kappa statistic                          0.5918
Mean absolute error                      0.0677
Root mean squared error                  0.184 
Relative absolute error                 60.3313 %
Root relative squared error             77.6754 %
Total Number of Instances           107806     


=== Confusion Matrix ===

     a     b     c     d     e     f     g     h     i     j   <-- classified as
 53313  7226     8     0     0     0     0     0     0     0 |     a = '(-inf-1.59]'
  7095 29601   411    45     3     3     0     0     0     0 |     b = '(1.59-3.18]'
   133  6138   744   139    18     2     0     0     0     0 |     c = '(3.18-4.77]'
     4  1148   556   203    45    10     0     0     0     0 |     d = '(4.77-6.36]'
     1   186   179   147    86    17     0     0     0     0 |     e = '(6.36-7.95]'
     0    30    56    65    62    29     0     0     0     0 |     f = '(7.95-9.54]'
     0     3     7    11    21    23     0     0     0     0 |     g = '(9.54-11.13]'
     0     1     4     5     6    14     0     0     0     0 |     h = '(11.13-12.72]'
     0     0     0     1     0     3     0     0     0     0 |     i = '(12.72-14.31]'
     0     0     1     0     1     2     0     0     0     0 |     j = '(14.31-inf)'



=== Stratified cross-validation ===

Correctly Classified Instances       83972               77.8918 %
Incorrectly Classified Instances     23834               22.1082 %
Kappa statistic                          0.5917
Mean absolute error                      0.0677
Root mean squared error                  0.184 
Relative absolute error                 60.3392 %
Root relative squared error             77.6861 %
Total Number of Instances           107806     


=== Confusion Matrix ===

     a     b     c     d     e     f     g     h     i     j   <-- classified as
 53313  7226     8     0     0     0     0     0     0     0 |     a = '(-inf-1.59]'
  7095 29601   411    45     4     2     0     0     0     0 |     b = '(1.59-3.18]'
   133  6138   744   139    18     2     0     0     0     0 |     c = '(3.18-4.77]'
     4  1148   556   203    46     9     0     0     0     0 |     d = '(4.77-6.36]'
     1   186   179   147    86    17     0     0     0     0 |     e = '(6.36-7.95]'
     0    30    56    65    66    25     0     0     0     0 |     f = '(7.95-9.54]'
     0     3     7    11    23    21     0     0     0     0 |     g = '(9.54-11.13]'
     0     1     4     5     9    11     0     0     0     0 |     h = '(11.13-12.72]'
     0     0     0     1     0     3     0     0     0     0 |     i = '(12.72-14.31]'
     0     0     1     0     1     2     0     0     0     0 |     j = '(14.31-inf)'

